[LOG] System::create                           : Header version = 2.02.11. Current version = 2.02.11.
[LOG] Manager::init                            : maxchannels = 256 studioflags = 00000006 flags 00000000 extradriverdata 0000000000000000.
[LOG] SystemI::init                            : Initialize version=20211 (130436), maxchannels=256, flags=0x00020000
[LOG] SystemI::setOutputInternal               : Setting output to 'FMOD WASAPI Output'
[LOG] OutputWASAPI::init                       : Mix Format (WAVEFORMATEX): wFormatTag=0xFFFE, nChannels=2, nSamplesPerSec=48000, nAvgBytesPerSec=384000, nBlockAlign=8, wBitsPerSample=32, cbSize=22.
[LOG] OutputWASAPI::init                       : Mix Format (WAVEFORMATEXTENSIBLE): wValidBitsPerSample=32, dwChannelMask=0x00000003, SubFormat=00000003-0000-0010-8000-00AA00389B71.
[LOG] OutputWASAPI::init                       : Output buffer size: 4096 samples, latency: 0.00ms, period: 10.00ms, DSP buffer: 1024 * 4
[LOG] Thread::initThread                       : Init FMOD stream thread. Affinity: 0x4000000000000003, Priority: 0xFFFF7FFB, Stack Size: 98304, Semaphore: No, Sleep Time: 10, Looping: Yes.
[LOG] Thread::initThread                       : Init FMOD mixer thread. Affinity: 0x4000000000000001, Priority: 0xFFFF7FFA, Stack Size: 81920, Semaphore: No, Sleep Time: 0, Looping: Yes.
[LOG] AsyncManager::init                       : manager 000002CEACB5BC18 isAsync 0 updatePeriod 0.02
[LOG] AsyncManager::init                       : done
[LOG] PlaybackSystem::init                     : 
[LOG] Thread::initThread                       : Init FMOD Studio sample load thread. Affinity: 0x4000000000000003, Priority: 0xFFFF7FFD, Stack Size: 98304, Semaphore: No, Sleep Time: 1, Looping: No.
[LOG] PlaybackSystem::init                     : done
[LOG] Thread::initThread                       : Init FMOD Studio bank load thread. Affinity: 0x4000000000000003, Priority: 0xFFFF7FFD, Stack Size: 98304, Semaphore: No, Sleep Time: 1, Looping: No.
[LOG] Manager::init                            : done.
[LOG] SoundI::release                          : spaceship-ambience-with-effects-21420 (1) (000002CEEEC40AD8)
[LOG] SoundI::release                          :     spaceship-ambience-with-effects-21420 (1) (000002CD6BB7E658)
[LOG] SoundI::release                          :     spaceship-ambience-with-effects-21420 (1) (000002CEE40D6288)
[LOG] SoundI::release                          : WhatsApp Audio 2023-02-26 at 17.09.05 (000002CEEEC40C88)
[LOG] SoundI::release                          :     WhatsApp Audio 2023-02-26 at 17.09.05 (000002CD6BB7E998)
[LOG] SoundI::release                          :     WhatsApp Audio 2023-02-26 at 17.09.05 (000002CEE40D6438)
[LOG] SoundI::release                          :  (000002CD68965D28)
[LOG] SoundI::release                          :     LASRGun_Plasma_Rifle_Reload_Designed_03 (000002CD613A50E8)
[LOG] SoundI::release                          :  (000002CEEEF76968)
[LOG] SoundI::release                          :     EXPLDsgn_Grenade_Explosion_01 (000002CEE43F3C88)
[LOG] SoundI::release                          :  (000002CEEEF767F8)
[LOG] SoundI::release                          :     EXPLDsgn_Grenade_Explosion_02 (000002CEE43F3AE8)
[LOG] SoundI::release                          :  (000002CD6AC96878)
[LOG] SoundI::release                          :     EXPLDsgn_Grenade_Explosion_03 (000002CEE43F44A8)
[LOG] SoundI::release                          :  (000002CEEEF76AD8)
[LOG] SoundI::release                          :     521999__kastenfrosch__whoosh-dash (000002CD6F1520B8)
[LOG] SoundI::release                          :  (000002CEE3AC9418)
[LOG] SoundI::release                          :     421137__giocosound__footstep_metal_4 (1) (000002CD61CAC0A8)
[LOG] SoundI::release                          :  (000002CD68404238)
[LOG] SoundI::release                          :     144103__elgronbo__footstepsonmetal-07 (000002CEAD7F90B8)
[LOG] SoundI::release                          :  (000002CD684040C8)
[LOG] SoundI::release                          :     152798__dwoboyle__footsteps-step_ladder-metal-09-down (000002CEAD7F9598)
[LOG] SoundI::release                          :  (000002CD684043A8)
[LOG] SoundI::release                          :     257276__natty23__two-footsteps (000002CD61CACC08)
[LOG] SoundI::release                          :  (000002CDCFD97768)
[LOG] SoundI::release                          :     51876__striptheband__ultra-subs-037 (000002CEDA1010B8)
[LOG] SoundI::release                          :  (000002CDCFD97488)
[LOG] SoundI::release                          :     455917__bolkmar__kick-hit (000002CEDA101598)
[LOG] SoundI::release                          :  (000002CDCFD971A8)
[LOG] SoundI::release                          :     25224__suonho__deconstruction-kit_kick-it01 (000002CEDA101A78)
[LOG] SoundI::release                          :  (000002CD6AC96E38)
[LOG] SoundI::release                          :     657948__matrixxx__family-friendly-inspect-sound-ui-or-in-game-notification (000002CEE43F3948)
[LOG] SoundI::release                          :  (000002CD6AC969E8)
[LOG] SoundI::release                          :     382574__jofae__sci-fi-two-part-click (000002CD5ADFE588)
[LOG] SoundI::release                          :  (000002CDCFD9CFC8)
[LOG] SoundI::release                          :     251390__deadsillyrabbit__button_hover-mp3 (000002CD61BEEE88)
[LOG] Thread::callback                         : FMOD Studio update thread finished.
[LOG] Thread::callback                         : FMOD Studio bank load thread finished.
[LOG] Profile::disconnectAll                   : Profiler disconnecting all clients
[LOG] Thread::callback                         : FMOD Studio sample load thread finished.
[LOG] LiveUpdate::release                      : 
[LOG] LiveUpdate::reset                        : Reset connection (reason Disconnected)
[LOG] Thread::callback                         : FMOD stream thread finished.
[LOG] Thread::callback                         : FMOD mixer thread finished.
[LOG] Profile::disconnectAll                   : Profiler disconnecting all clients
[LOG] SystemI::close                           : Closed.
[LOG] Manager::readBank                        : fileversion = 142, compatVersion = 140 (oldest = 44, newest = 142)
[LOG] Manager::readBank                        : fileversion = 142, compatVersion = 140 (oldest = 44, newest = 142)
[LOG] Manager::readBank                        : fileversion = 142, compatVersion = 140 (oldest = 44, newest = 142)
[LOG] PlaybackSystem::acquireMasterBus         : Setting master channel group format to 6
[LOG] Manager::readBank                        : fileversion = 142, compatVersion = 140 (oldest = 44, newest = 142)
[LOG] Manager::readBank                        : fileversion = 142, compatVersion = 140 (oldest = 44, newest = 142)
[LOG] Thread::callback                         : FMOD Studio bank load thread finished.
[LOG] Thread::callback                         : FMOD Studio sample load thread finished.
[LOG] LiveUpdate::release                      : 
[LOG] LiveUpdate::reset                        : Reset connection (reason Disconnected)
[LOG] Thread::callback                         : FMOD stream thread finished.
[LOG] Thread::callback                         : FMOD mixer thread finished.
[LOG] SystemI::close                           : Closed.
[LOG] Thread::callback                         : FMOD nonblocking thread (0) finished.
[LOG] Thread::callback                         : FMOD file thread finished.
